{"level":"info","message":"Server running in development mode on port 3000","timestamp":"2024-12-12T10:15:04.824Z"}
{"level":"info","message":"MongoDB connected successfully","timestamp":"2024-12-12T10:15:05.379Z"}
{"level":"info","message":"Server running in development mode on port 3000","timestamp":"2024-12-12T10:16:30.038Z"}
{"level":"info","message":"MongoDB connected successfully","timestamp":"2024-12-12T10:16:30.595Z"}
{"level":"info","message":"Server running in development mode on port 3000","timestamp":"2024-12-12T10:16:38.324Z"}
{"level":"info","message":"MongoDB connected successfully","timestamp":"2024-12-12T10:16:38.810Z"}
{"level":"info","message":"Server running in development mode on port 3000","timestamp":"2024-12-12T10:17:00.340Z"}
{"level":"info","message":"MongoDB connected successfully","timestamp":"2024-12-12T10:17:00.821Z"}
{"level":"info","message":"Server running in development mode on port 3000","timestamp":"2024-12-12T10:17:17.746Z"}
{"level":"info","message":"MongoDB connected successfully","timestamp":"2024-12-12T10:17:18.243Z"}
{"level":"info","message":"Server running in development mode on port 3000","timestamp":"2024-12-12T10:17:21.853Z"}
{"level":"info","message":"MongoDB connected successfully","timestamp":"2024-12-12T10:17:22.337Z"}
{"level":"info","message":"Server running in development mode on port 3000","timestamp":"2024-12-12T10:17:35.171Z"}
{"level":"info","message":"MongoDB connected successfully","timestamp":"2024-12-12T10:17:35.653Z"}
{"level":"info","message":"Server running in development mode on port 3000","timestamp":"2024-12-12T10:17:37.579Z"}
{"level":"info","message":"MongoDB connected successfully","timestamp":"2024-12-12T10:17:38.074Z"}
{"level":"info","message":"Server running in development mode on port 3000","timestamp":"2024-12-12T10:18:07.105Z"}
{"level":"info","message":"MongoDB connected successfully","timestamp":"2024-12-12T10:18:07.588Z"}
{"level":"info","message":"Server running in development mode on port 3000","timestamp":"2024-12-12T10:18:18.009Z"}
{"level":"info","message":"MongoDB connected successfully","timestamp":"2024-12-12T10:18:18.492Z"}
{"level":"info","message":"Server running in development mode on port 3000","timestamp":"2024-12-12T10:34:16.954Z"}
{"level":"info","message":"MongoDB connected successfully","timestamp":"2024-12-12T10:34:17.507Z"}
{"level":"info","message":"Server running in development mode on port 3000","timestamp":"2024-12-12T10:36:08.729Z"}
{"level":"info","message":"MongoDB connected successfully","timestamp":"2024-12-12T10:36:09.266Z"}
{"level":"error","message":"Invalid token","method":"GET","path":"/api/auth/me","stack":"Error: Invalid token\n    at exports.protect (C:\\Users\\Deep\\Desktop\\digital-twin\\backend\\src\\middleware\\authMiddleware.js:34:12)\n    at Layer.handle [as handle_request] (C:\\Users\\Deep\\Desktop\\digital-twin\\backend\\node_modules\\express\\lib\\router\\layer.js:95:5)\n    at next (C:\\Users\\Deep\\Desktop\\digital-twin\\backend\\node_modules\\express\\lib\\router\\route.js:149:13)\n    at Route.dispatch (C:\\Users\\Deep\\Desktop\\digital-twin\\backend\\node_modules\\express\\lib\\router\\route.js:119:3)\n    at Layer.handle [as handle_request] (C:\\Users\\Deep\\Desktop\\digital-twin\\backend\\node_modules\\express\\lib\\router\\layer.js:95:5)\n    at C:\\Users\\Deep\\Desktop\\digital-twin\\backend\\node_modules\\express\\lib\\router\\index.js:284:15\n    at Function.process_params (C:\\Users\\Deep\\Desktop\\digital-twin\\backend\\node_modules\\express\\lib\\router\\index.js:346:12)\n    at next (C:\\Users\\Deep\\Desktop\\digital-twin\\backend\\node_modules\\express\\lib\\router\\index.js:280:10)\n    at Function.handle (C:\\Users\\Deep\\Desktop\\digital-twin\\backend\\node_modules\\express\\lib\\router\\index.js:175:3)\n    at router (C:\\Users\\Deep\\Desktop\\digital-twin\\backend\\node_modules\\express\\lib\\router\\index.js:47:12)","timestamp":"2024-12-12T10:39:13.574Z"}
{"level":"error","message":"Invalid token","method":"GET","path":"/api/auth/me","stack":"Error: Invalid token\n    at exports.protect (C:\\Users\\Deep\\Desktop\\digital-twin\\backend\\src\\middleware\\authMiddleware.js:34:12)\n    at Layer.handle [as handle_request] (C:\\Users\\Deep\\Desktop\\digital-twin\\backend\\node_modules\\express\\lib\\router\\layer.js:95:5)\n    at next (C:\\Users\\Deep\\Desktop\\digital-twin\\backend\\node_modules\\express\\lib\\router\\route.js:149:13)\n    at Route.dispatch (C:\\Users\\Deep\\Desktop\\digital-twin\\backend\\node_modules\\express\\lib\\router\\route.js:119:3)\n    at Layer.handle [as handle_request] (C:\\Users\\Deep\\Desktop\\digital-twin\\backend\\node_modules\\express\\lib\\router\\layer.js:95:5)\n    at C:\\Users\\Deep\\Desktop\\digital-twin\\backend\\node_modules\\express\\lib\\router\\index.js:284:15\n    at Function.process_params (C:\\Users\\Deep\\Desktop\\digital-twin\\backend\\node_modules\\express\\lib\\router\\index.js:346:12)\n    at next (C:\\Users\\Deep\\Desktop\\digital-twin\\backend\\node_modules\\express\\lib\\router\\index.js:280:10)\n    at Function.handle (C:\\Users\\Deep\\Desktop\\digital-twin\\backend\\node_modules\\express\\lib\\router\\index.js:175:3)\n    at router (C:\\Users\\Deep\\Desktop\\digital-twin\\backend\\node_modules\\express\\lib\\router\\index.js:47:12)","timestamp":"2024-12-12T10:39:17.314Z"}
{"level":"info","message":"Server running in development mode on port 3000","timestamp":"2024-12-12T10:41:15.931Z"}
{"level":"info","message":"MongoDB connected successfully","timestamp":"2024-12-12T10:41:16.464Z"}
{"level":"info","message":"Server running in development mode on port 3000","timestamp":"2024-12-12T10:41:19.965Z"}
{"level":"info","message":"MongoDB connected successfully","timestamp":"2024-12-12T10:41:22.464Z"}
{"level":"info","message":"Server running in development mode on port 3000","timestamp":"2024-12-12T10:41:38.224Z"}
{"level":"info","message":"MongoDB connected successfully","timestamp":"2024-12-12T10:41:38.697Z"}
{"level":"info","message":"Server running in development mode on port 3000","timestamp":"2024-12-12T10:41:41.718Z"}
{"level":"info","message":"MongoDB connected successfully","timestamp":"2024-12-12T10:41:42.224Z"}
{"level":"info","message":"Server running in development mode on port 3000","timestamp":"2024-12-12T10:41:56.474Z"}
{"level":"info","message":"MongoDB connected successfully","timestamp":"2024-12-12T10:41:56.966Z"}
{"level":"info","message":"Server running in development mode on port 3000","timestamp":"2024-12-12T10:41:58.444Z"}
{"level":"info","message":"MongoDB connected successfully","timestamp":"2024-12-12T10:41:58.927Z"}
{"level":"info","message":"Server running in development mode on port 3000","timestamp":"2024-12-12T10:42:36.358Z"}
{"level":"info","message":"MongoDB connected successfully","timestamp":"2024-12-12T10:42:36.871Z"}
{"level":"error","message":"Not authorized to access this route","method":"GET","path":"/api/instagram/callback","stack":"Error: Not authorized to access this route\n    at exports.protect (C:\\Users\\Deep\\Desktop\\digital-twin\\backend\\src\\middleware\\authMiddleware.js:17:13)\n    at Layer.handle [as handle_request] (C:\\Users\\Deep\\Desktop\\digital-twin\\backend\\node_modules\\express\\lib\\router\\layer.js:95:5)\n    at trim_prefix (C:\\Users\\Deep\\Desktop\\digital-twin\\backend\\node_modules\\express\\lib\\router\\index.js:328:13)\n    at C:\\Users\\Deep\\Desktop\\digital-twin\\backend\\node_modules\\express\\lib\\router\\index.js:286:9\n    at Function.process_params (C:\\Users\\Deep\\Desktop\\digital-twin\\backend\\node_modules\\express\\lib\\router\\index.js:346:12)\n    at next (C:\\Users\\Deep\\Desktop\\digital-twin\\backend\\node_modules\\express\\lib\\router\\index.js:280:10)\n    at Function.handle (C:\\Users\\Deep\\Desktop\\digital-twin\\backend\\node_modules\\express\\lib\\router\\index.js:175:3)\n    at router (C:\\Users\\Deep\\Desktop\\digital-twin\\backend\\node_modules\\express\\lib\\router\\index.js:47:12)\n    at Layer.handle [as handle_request] (C:\\Users\\Deep\\Desktop\\digital-twin\\backend\\node_modules\\express\\lib\\router\\layer.js:95:5)\n    at trim_prefix (C:\\Users\\Deep\\Desktop\\digital-twin\\backend\\node_modules\\express\\lib\\router\\index.js:328:13)","timestamp":"2024-12-12T10:44:54.830Z"}
{"level":"error","message":"Not authorized to access this route","method":"GET","path":"/api/instagram/callback","stack":"Error: Not authorized to access this route\n    at exports.protect (C:\\Users\\Deep\\Desktop\\digital-twin\\backend\\src\\middleware\\authMiddleware.js:17:13)\n    at Layer.handle [as handle_request] (C:\\Users\\Deep\\Desktop\\digital-twin\\backend\\node_modules\\express\\lib\\router\\layer.js:95:5)\n    at trim_prefix (C:\\Users\\Deep\\Desktop\\digital-twin\\backend\\node_modules\\express\\lib\\router\\index.js:328:13)\n    at C:\\Users\\Deep\\Desktop\\digital-twin\\backend\\node_modules\\express\\lib\\router\\index.js:286:9\n    at Function.process_params (C:\\Users\\Deep\\Desktop\\digital-twin\\backend\\node_modules\\express\\lib\\router\\index.js:346:12)\n    at next (C:\\Users\\Deep\\Desktop\\digital-twin\\backend\\node_modules\\express\\lib\\router\\index.js:280:10)\n    at Function.handle (C:\\Users\\Deep\\Desktop\\digital-twin\\backend\\node_modules\\express\\lib\\router\\index.js:175:3)\n    at router (C:\\Users\\Deep\\Desktop\\digital-twin\\backend\\node_modules\\express\\lib\\router\\index.js:47:12)\n    at Layer.handle [as handle_request] (C:\\Users\\Deep\\Desktop\\digital-twin\\backend\\node_modules\\express\\lib\\router\\layer.js:95:5)\n    at trim_prefix (C:\\Users\\Deep\\Desktop\\digital-twin\\backend\\node_modules\\express\\lib\\router\\index.js:328:13)","timestamp":"2024-12-12T10:47:54.834Z"}
{"level":"error","message":"Not authorized to access this route","method":"GET","path":"/api/instagram/callback","stack":"Error: Not authorized to access this route\n    at exports.protect (C:\\Users\\Deep\\Desktop\\digital-twin\\backend\\src\\middleware\\authMiddleware.js:17:13)\n    at Layer.handle [as handle_request] (C:\\Users\\Deep\\Desktop\\digital-twin\\backend\\node_modules\\express\\lib\\router\\layer.js:95:5)\n    at trim_prefix (C:\\Users\\Deep\\Desktop\\digital-twin\\backend\\node_modules\\express\\lib\\router\\index.js:328:13)\n    at C:\\Users\\Deep\\Desktop\\digital-twin\\backend\\node_modules\\express\\lib\\router\\index.js:286:9\n    at Function.process_params (C:\\Users\\Deep\\Desktop\\digital-twin\\backend\\node_modules\\express\\lib\\router\\index.js:346:12)\n    at next (C:\\Users\\Deep\\Desktop\\digital-twin\\backend\\node_modules\\express\\lib\\router\\index.js:280:10)\n    at Function.handle (C:\\Users\\Deep\\Desktop\\digital-twin\\backend\\node_modules\\express\\lib\\router\\index.js:175:3)\n    at router (C:\\Users\\Deep\\Desktop\\digital-twin\\backend\\node_modules\\express\\lib\\router\\index.js:47:12)\n    at Layer.handle [as handle_request] (C:\\Users\\Deep\\Desktop\\digital-twin\\backend\\node_modules\\express\\lib\\router\\layer.js:95:5)\n    at trim_prefix (C:\\Users\\Deep\\Desktop\\digital-twin\\backend\\node_modules\\express\\lib\\router\\index.js:328:13)","timestamp":"2024-12-12T10:48:18.650Z"}
{"level":"info","message":"Server running in development mode on port 3000","timestamp":"2024-12-12T10:49:15.720Z"}
{"level":"info","message":"MongoDB connected successfully","timestamp":"2024-12-12T10:49:16.259Z"}
{"level":"info","message":"Server running in development mode on port 3000","timestamp":"2024-12-12T10:49:46.097Z"}
{"level":"info","message":"MongoDB connected successfully","timestamp":"2024-12-12T10:49:46.582Z"}
{"level":"error","message":"Not authorized to access this route","method":"GET","path":"/api/instagram/callback","stack":"Error: Not authorized to access this route\n    at exports.protect (C:\\Users\\Deep\\Desktop\\digital-twin\\backend\\src\\middleware\\authMiddleware.js:17:13)\n    at Layer.handle [as handle_request] (C:\\Users\\Deep\\Desktop\\digital-twin\\backend\\node_modules\\express\\lib\\router\\layer.js:95:5)\n    at trim_prefix (C:\\Users\\Deep\\Desktop\\digital-twin\\backend\\node_modules\\express\\lib\\router\\index.js:328:13)\n    at C:\\Users\\Deep\\Desktop\\digital-twin\\backend\\node_modules\\express\\lib\\router\\index.js:286:9\n    at Function.process_params (C:\\Users\\Deep\\Desktop\\digital-twin\\backend\\node_modules\\express\\lib\\router\\index.js:346:12)\n    at next (C:\\Users\\Deep\\Desktop\\digital-twin\\backend\\node_modules\\express\\lib\\router\\index.js:280:10)\n    at Function.handle (C:\\Users\\Deep\\Desktop\\digital-twin\\backend\\node_modules\\express\\lib\\router\\index.js:175:3)\n    at router (C:\\Users\\Deep\\Desktop\\digital-twin\\backend\\node_modules\\express\\lib\\router\\index.js:47:12)\n    at Layer.handle [as handle_request] (C:\\Users\\Deep\\Desktop\\digital-twin\\backend\\node_modules\\express\\lib\\router\\layer.js:95:5)\n    at trim_prefix (C:\\Users\\Deep\\Desktop\\digital-twin\\backend\\node_modules\\express\\lib\\router\\index.js:328:13)","timestamp":"2024-12-12T10:49:57.734Z"}
{"level":"info","message":"Server running in development mode on port 3000","timestamp":"2024-12-12T13:31:26.254Z"}
{"level":"info","message":"MongoDB connected successfully","timestamp":"2024-12-12T13:31:27.067Z"}
{"level":"error","message":"Not authorized to access this route","method":"GET","path":"/api/instagram/callback","stack":"Error: Not authorized to access this route\n    at exports.protect (C:\\Users\\Deep\\Desktop\\digital-twin\\backend\\src\\middleware\\authMiddleware.js:17:13)\n    at Layer.handle [as handle_request] (C:\\Users\\Deep\\Desktop\\digital-twin\\backend\\node_modules\\express\\lib\\router\\layer.js:95:5)\n    at trim_prefix (C:\\Users\\Deep\\Desktop\\digital-twin\\backend\\node_modules\\express\\lib\\router\\index.js:328:13)\n    at C:\\Users\\Deep\\Desktop\\digital-twin\\backend\\node_modules\\express\\lib\\router\\index.js:286:9\n    at Function.process_params (C:\\Users\\Deep\\Desktop\\digital-twin\\backend\\node_modules\\express\\lib\\router\\index.js:346:12)\n    at next (C:\\Users\\Deep\\Desktop\\digital-twin\\backend\\node_modules\\express\\lib\\router\\index.js:280:10)\n    at Function.handle (C:\\Users\\Deep\\Desktop\\digital-twin\\backend\\node_modules\\express\\lib\\router\\index.js:175:3)\n    at router (C:\\Users\\Deep\\Desktop\\digital-twin\\backend\\node_modules\\express\\lib\\router\\index.js:47:12)\n    at Layer.handle [as handle_request] (C:\\Users\\Deep\\Desktop\\digital-twin\\backend\\node_modules\\express\\lib\\router\\layer.js:95:5)\n    at trim_prefix (C:\\Users\\Deep\\Desktop\\digital-twin\\backend\\node_modules\\express\\lib\\router\\index.js:328:13)","timestamp":"2024-12-12T13:32:30.675Z"}
{"level":"error","message":"Not authorized to access this route","method":"GET","path":"/api/instagram/callback","stack":"Error: Not authorized to access this route\n    at exports.protect (C:\\Users\\Deep\\Desktop\\digital-twin\\backend\\src\\middleware\\authMiddleware.js:17:13)\n    at Layer.handle [as handle_request] (C:\\Users\\Deep\\Desktop\\digital-twin\\backend\\node_modules\\express\\lib\\router\\layer.js:95:5)\n    at trim_prefix (C:\\Users\\Deep\\Desktop\\digital-twin\\backend\\node_modules\\express\\lib\\router\\index.js:328:13)\n    at C:\\Users\\Deep\\Desktop\\digital-twin\\backend\\node_modules\\express\\lib\\router\\index.js:286:9\n    at Function.process_params (C:\\Users\\Deep\\Desktop\\digital-twin\\backend\\node_modules\\express\\lib\\router\\index.js:346:12)\n    at next (C:\\Users\\Deep\\Desktop\\digital-twin\\backend\\node_modules\\express\\lib\\router\\index.js:280:10)\n    at Function.handle (C:\\Users\\Deep\\Desktop\\digital-twin\\backend\\node_modules\\express\\lib\\router\\index.js:175:3)\n    at router (C:\\Users\\Deep\\Desktop\\digital-twin\\backend\\node_modules\\express\\lib\\router\\index.js:47:12)\n    at Layer.handle [as handle_request] (C:\\Users\\Deep\\Desktop\\digital-twin\\backend\\node_modules\\express\\lib\\router\\layer.js:95:5)\n    at trim_prefix (C:\\Users\\Deep\\Desktop\\digital-twin\\backend\\node_modules\\express\\lib\\router\\index.js:328:13)","timestamp":"2024-12-12T13:32:48.346Z"}
{"level":"info","message":"Server running in development mode on port 3000","timestamp":"2024-12-12T13:35:16.685Z"}
{"level":"info","message":"MongoDB connected successfully","timestamp":"2024-12-12T13:35:19.817Z"}
{"level":"info","message":"Server running in development mode on port 3000","timestamp":"2024-12-12T13:35:31.922Z"}
{"level":"info","message":"MongoDB connected successfully","timestamp":"2024-12-12T13:35:32.970Z"}
{"level":"info","message":"Server running in development mode on port 3000","timestamp":"2024-12-12T13:35:45.346Z"}
{"level":"info","message":"MongoDB connected successfully","timestamp":"2024-12-12T13:35:46.141Z"}
{"level":"error","message":"Missing code or state in Instagram callback","timestamp":"2024-12-12T13:36:48.004Z"}
{"level":"info","message":"Server running in development mode on port 3000","timestamp":"2024-12-12T13:37:50.677Z"}
{"level":"info","message":"MongoDB connected successfully","timestamp":"2024-12-12T13:37:51.618Z"}
{"level":"info","message":"Server running in development mode on port 3000","timestamp":"2024-12-12T13:38:16.246Z"}
{"level":"info","message":"MongoDB connected successfully","timestamp":"2024-12-12T13:38:17.272Z"}
{"hasCode":false,"hasState":false,"headers":{"accept":"*/*","accept-encoding":"deflate, gzip","host":"ef73-158-47-252-53.ngrok-free.app","user-agent":"facebookplatform/1.0 (+http://developers.facebook.com)","x-forwarded-for":"2a03:2880:31ff:8::face:b00c","x-forwarded-host":"ef73-158-47-252-53.ngrok-free.app","x-forwarded-proto":"https"},"level":"info","message":"Instagram callback received","query":{"hub.challenge":"886836179","hub.mode":"subscribe","hub.verify_token":"IGQWRNdlN0Tjk4blNlTU0yN0hiaHRpLWRfVzd1SlQyYXNTMW9ZAVjZA2SHJHQkdzbDlyMlN2NkRKNHVmb3hXSXpEZAVF6ekNsMVJ5eGlKdUVLUDhVT1hoXzJTOXZAqcG9ZAdjQ3LTg0R294T0lFbEJWenJWRk1mNUZAZAdm8ZD"},"timestamp":"2024-12-12T13:38:21.590Z"}
{"code":"missing","level":"error","message":"Missing code or state in Instagram callback","state":"missing","timestamp":"2024-12-12T13:38:21.592Z"}
{"level":"info","message":"Server running in development mode on port 3000","timestamp":"2024-12-12T13:40:27.799Z"}
{"level":"info","message":"MongoDB connected successfully","timestamp":"2024-12-12T13:40:28.832Z"}
{"level":"info","message":"Instagram OAuth callback received","query":{"hub.challenge":"1148226597","hub.mode":"subscribe","hub.verify_token":"IGQWRNdlN0Tjk4blNlTU0yN0hiaHRpLWRfVzd1SlQyYXNTMW9ZAVjZA2SHJHQkdzbDlyMlN2NkRKNHVmb3hXSXpEZAVF6ekNsMVJ5eGlKdUVLUDhVT1hoXzJTOXZAqcG9ZAdjQ3LTg0R294T0lFbEJWenJWRk1mNUZAZAdm8ZD"},"timestamp":"2024-12-12T13:40:55.214Z"}
{"level":"info","message":"Instagram Webhook verification received","query":{"hub.challenge":"1871117455","hub.mode":"subscribe","hub.verify_token":"IGQWRNdlN0Tjk4blNlTU0yN0hiaHRpLWRfVzd1SlQyYXNTMW9ZAVjZA2SHJHQkdzbDlyMlN2NkRKNHVmb3hXSXpEZAVF6ekNsMVJ5eGlKdUVLUDhVT1hoXzJTOXZAqcG9ZAdjQ3LTg0R294T0lFbEJWenJWRk1mNUZAZAdm8ZD"},"timestamp":"2024-12-12T13:41:39.218Z"}
{"level":"error","message":"Webhook verification failed","mode":"subscribe","timestamp":"2024-12-12T13:41:39.219Z","token":"IGQWRNdlN0Tjk4blNlTU0yN0hiaHRpLWRfVzd1SlQyYXNTMW9ZAVjZA2SHJHQkdzbDlyMlN2NkRKNHVmb3hXSXpEZAVF6ekNsMVJ5eGlKdUVLUDhVT1hoXzJTOXZAqcG9ZAdjQ3LTg0R294T0lFbEJWenJWRk1mNUZAZAdm8ZD"}
{"level":"info","message":"Instagram Webhook verification received","query":{"hub.challenge":"1987534129","hub.mode":"subscribe","hub.verify_token":"IGQWRNdlN0Tjk4blNlTU0yN0hiaHRpLWRfVzd1SlQyYXNTMW9ZAVjZA2SHJHQkdzbDlyMlN2NkRKNHVmb3hXSXpEZAVF6ekNsMVJ5eGlKdUVLUDhVT1hoXzJTOXZAqcG9ZAdjQ3LTg0R294T0lFbEJWenJWRk1mNUZAZAdm8ZD"},"timestamp":"2024-12-12T13:42:23.151Z"}
{"level":"error","message":"Webhook verification failed","mode":"subscribe","timestamp":"2024-12-12T13:42:23.152Z","token":"IGQWRNdlN0Tjk4blNlTU0yN0hiaHRpLWRfVzd1SlQyYXNTMW9ZAVjZA2SHJHQkdzbDlyMlN2NkRKNHVmb3hXSXpEZAVF6ekNsMVJ5eGlKdUVLUDhVT1hoXzJTOXZAqcG9ZAdjQ3LTg0R294T0lFbEJWenJWRk1mNUZAZAdm8ZD"}
{"level":"info","message":"Instagram OAuth callback received","query":{"hub.challenge":"2131572217","hub.mode":"subscribe","hub.verify_token":"IGQWRNdlN0Tjk4blNlTU0yN0hiaHRpLWRfVzd1SlQyYXNTMW9ZAVjZA2SHJHQkdzbDlyMlN2NkRKNHVmb3hXSXpEZAVF6ekNsMVJ5eGlKdUVLUDhVT1hoXzJTOXZAqcG9ZAdjQ3LTg0R294T0lFbEJWenJWRk1mNUZAZAdm8ZD"},"timestamp":"2024-12-12T13:44:01.962Z"}
{"level":"info","message":"Server running in development mode on port 3000","timestamp":"2024-12-12T13:45:00.430Z"}
{"level":"info","message":"MongoDB connected successfully","timestamp":"2024-12-12T13:45:01.656Z"}
{"level":"info","message":"Server running in development mode on port 3000","timestamp":"2024-12-12T13:45:16.256Z"}
{"level":"info","message":"MongoDB connected successfully","timestamp":"2024-12-12T13:45:17.226Z"}
{"level":"info","message":"Instagram OAuth callback received","query":{"hub.challenge":"696078873","hub.mode":"subscribe","hub.verify_token":"123455645342342354534534"},"timestamp":"2024-12-12T13:46:07.115Z"}
{"challenge":"2108039469","expectedToken":"IGQWRNdlN0Tjk4blNlTU0yN0hiaHRpLWRfVzd1SlQyYXNTMW9ZAVjZA2SHJHQkdzbDlyMlN2NkRKNHVmb3hXSXpEZAVF6ekNsMVJ5eGlKdUVLUDhVT1hoXzJTOXZAqcG9ZAdjQ3LTg0R294T0lFbEJWenJWRk1mNUZAZAdm8ZD","level":"info","message":"Webhook verification request received:","mode":"subscribe","timestamp":"2024-12-12T13:48:40.083Z","token":"123455645342342354534534"}
{"expectedToken":"IGQWRNdlN0Tjk4blNlTU0yN0hiaHRpLWRfVzd1SlQyYXNTMW9ZAVjZA2SHJHQkdzbDlyMlN2NkRKNHVmb3hXSXpEZAVF6ekNsMVJ5eGlKdUVLUDhVT1hoXzJTOXZAqcG9ZAdjQ3LTg0R294T0lFbEJWenJWRk1mNUZAZAdm8ZD","level":"error","message":"Webhook verification failed - token mismatch","receivedToken":"123455645342342354534534","timestamp":"2024-12-12T13:48:40.084Z"}
{"level":"error","message":"Webhook verification failed - invalid mode or missing token","timestamp":"2024-12-12T13:48:40.084Z"}
{"challenge":"957006605","expectedToken":"IGQWRNdlN0Tjk4blNlTU0yN0hiaHRpLWRfVzd1SlQyYXNTMW9ZAVjZA2SHJHQkdzbDlyMlN2NkRKNHVmb3hXSXpEZAVF6ekNsMVJ5eGlKdUVLUDhVT1hoXzJTOXZAqcG9ZAdjQ3LTg0R294T0lFbEJWenJWRk1mNUZAZAdm8ZD","level":"info","message":"Webhook verification request received:","mode":"subscribe","timestamp":"2024-12-12T13:48:53.808Z","token":"IGQWRNdlN0Tjk4blNlTU0yN0hiaHRpLWRfVzd1SlQyYXNTMW9ZAVjZA2SHJHQkdzbDlyMlN2NkRKNHVmb3hXSXpEZAVF6ekNsMVJ5eGlKdUVLUDhVT1hoXzJTOXZAqcG9ZAdjQ3LTg0R294T0lFbEJWenJWRk1mNUZAZAdm8ZD"}
{"level":"info","message":"Webhook verified successfully","timestamp":"2024-12-12T13:48:53.808Z"}
{"level":"error","message":"Email or username already registered","method":"POST","path":"/api/auth/register","stack":"Error: Email or username already registered\n    at exports.register (C:\\Users\\Deep\\Desktop\\digital-twin\\backend\\src\\controllers\\auth.js:31:13)\n    at process.processTicksAndRejections (node:internal/process/task_queues:105:5)","timestamp":"2024-12-12T13:56:30.521Z"}
{"level":"info","message":"Generated Instagram redirect URI:","timestamp":"2024-12-12T13:58:32.975Z"}
{"buffer":{"data":[103,90,188,254,128,21,9,178,123,190,113,151],"type":"Buffer"},"level":"info","message":"Generated Instagram auth URL for user:","timestamp":"2024-12-12T13:58:32.976Z"}
{"level":"info","message":"Server running in development mode on port 3000","timestamp":"2024-12-12T14:01:20.380Z"}
{"level":"info","message":"MongoDB connected successfully","timestamp":"2024-12-12T14:01:23.019Z"}
{"level":"info","message":"Generated Instagram redirect URI:","timestamp":"2024-12-12T14:01:27.354Z"}
{"authUrl":"https://api.instagram.com/oauth/authorize?client_id=464149586706265&redirect_uri=https%3A%2F%2Fef73-158-47-252-53.ngrok-free.app%2Fapi%2Finstagram%2Fcallback&scope=basic&response_type=code&state=eyJ1c2VySWQiOiI2NzVhYmNmZTgwMTUwOWIyN2JiZTcxOTciLCJyZWRpcmVjdFVybCI6Imh0dHA6Ly9sb2NhbGhvc3Q6NTE3MyJ9","level":"info","message":"Generated Instagram auth URL:","redirectUri":"https://ef73-158-47-252-53.ngrok-free.app/api/instagram/callback","timestamp":"2024-12-12T14:01:27.355Z","userId":"675abcfe801509b27bbe7197"}
{"level":"info","message":"Server running in development mode on port 3000","timestamp":"2024-12-12T14:07:35.958Z"}
{"level":"info","message":"MongoDB connected successfully","timestamp":"2024-12-12T14:07:36.750Z"}
{"level":"info","message":"Generated Instagram redirect URI:","timestamp":"2024-12-12T14:07:46.761Z"}
{"authUrl":"https://www.facebook.com/v18.0/dialog/oauth?client_id=464149586706265&redirect_uri=https%3A%2F%2Fef73-158-47-252-53.ngrok-free.app%2Fapi%2Finstagram%2Fcallback&scope=instagram_basic,instagram_content_publish,pages_show_list,pages_read_engagement&response_type=code&state=eyJ1c2VySWQiOiI2NzVhYmNmZTgwMTUwOWIyN2JiZTcxOTciLCJyZWRpcmVjdFVybCI6Imh0dHA6Ly9sb2NhbGhvc3Q6NTE3MyJ9","level":"info","message":"Generated Facebook auth URL:","redirectUri":"https://ef73-158-47-252-53.ngrok-free.app/api/instagram/callback","timestamp":"2024-12-12T14:07:46.762Z","userId":"675abcfe801509b27bbe7197"}
{"level":"info","message":"Generated Instagram redirect URI:","timestamp":"2024-12-12T14:08:58.803Z"}
{"authUrl":"https://www.facebook.com/v18.0/dialog/oauth?client_id=464149586706265&redirect_uri=https%3A%2F%2Fef73-158-47-252-53.ngrok-free.app%2Fapi%2Finstagram%2Fcallback&scope=instagram_basic,instagram_content_publish,pages_show_list,pages_read_engagement&response_type=code&state=eyJ1c2VySWQiOiI2NzVhYmNmZTgwMTUwOWIyN2JiZTcxOTciLCJyZWRpcmVjdFVybCI6Imh0dHA6Ly9sb2NhbGhvc3Q6NTE3MyJ9","level":"info","message":"Generated Facebook auth URL:","redirectUri":"https://ef73-158-47-252-53.ngrok-free.app/api/instagram/callback","timestamp":"2024-12-12T14:08:58.804Z","userId":"675abcfe801509b27bbe7197"}
{"level":"info","message":"Instagram OAuth callback received","query":{"error_code":"1349048","error_message":"Impossibile caricare l'URL: Il dominio di questo URL non è incluso nei domini dell'app. Per poter caricare questo URL, aggiungi tutti i domini e i sottodomini della tua app al campo Domini app nelle tue impostazioni app."},"timestamp":"2024-12-12T14:10:35.219Z"}
{"level":"info","message":"Generated Instagram redirect URI:","timestamp":"2024-12-12T14:11:38.841Z"}
{"authUrl":"https://www.facebook.com/v18.0/dialog/oauth?client_id=464149586706265&redirect_uri=https%3A%2F%2Fef73-158-47-252-53.ngrok-free.app%2Fapi%2Finstagram%2Fcallback&scope=instagram_basic,instagram_content_publish,pages_show_list,pages_read_engagement&response_type=code&state=eyJ1c2VySWQiOiI2NzVhYmNmZTgwMTUwOWIyN2JiZTcxOTciLCJyZWRpcmVjdFVybCI6Imh0dHA6Ly9sb2NhbGhvc3Q6NTE3MyJ9","level":"info","message":"Generated Facebook auth URL:","redirectUri":"https://ef73-158-47-252-53.ngrok-free.app/api/instagram/callback","timestamp":"2024-12-12T14:11:38.841Z","userId":"675abcfe801509b27bbe7197"}
{"level":"info","message":"Instagram OAuth callback received","query":{"error_code":"1349048","error_message":"Impossibile caricare l'URL: Il dominio di questo URL non è incluso nei domini dell'app. Per poter caricare questo URL, aggiungi tutti i domini e i sottodomini della tua app al campo Domini app nelle tue impostazioni app."},"timestamp":"2024-12-12T14:11:42.932Z"}
{"level":"info","message":"Instagram OAuth callback received","query":{"error_code":"1349048","error_message":"Impossibile caricare l'URL: Il dominio di questo URL non è incluso nei domini dell'app. Per poter caricare questo URL, aggiungi tutti i domini e i sottodomini della tua app al campo Domini app nelle tue impostazioni app."},"timestamp":"2024-12-12T14:13:05.442Z"}
{"level":"info","message":"Generated Instagram redirect URI:","timestamp":"2024-12-12T14:27:12.690Z"}
{"authUrl":"https://www.facebook.com/v18.0/dialog/oauth?client_id=464149586706265&redirect_uri=https%3A%2F%2Fef73-158-47-252-53.ngrok-free.app%2Fapi%2Finstagram%2Fcallback&scope=instagram_basic,instagram_content_publish,pages_show_list,pages_read_engagement&response_type=code&state=eyJ1c2VySWQiOiI2NzVhYmNmZTgwMTUwOWIyN2JiZTcxOTciLCJyZWRpcmVjdFVybCI6Imh0dHA6Ly9sb2NhbGhvc3Q6NTE3MyJ9","level":"info","message":"Generated Facebook auth URL:","redirectUri":"https://ef73-158-47-252-53.ngrok-free.app/api/instagram/callback","timestamp":"2024-12-12T14:27:12.690Z","userId":"675abcfe801509b27bbe7197"}
{"level":"info","message":"Generated Instagram redirect URI:","timestamp":"2024-12-12T14:28:33.176Z"}
{"authUrl":"https://www.facebook.com/v18.0/dialog/oauth?client_id=464149586706265&redirect_uri=https%3A%2F%2Fef73-158-47-252-53.ngrok-free.app%2Fapi%2Finstagram%2Fcallback&scope=instagram_basic,instagram_content_publish,pages_show_list,pages_read_engagement&response_type=code&state=eyJ1c2VySWQiOiI2NzVhYmNmZTgwMTUwOWIyN2JiZTcxOTciLCJyZWRpcmVjdFVybCI6Imh0dHA6Ly9sb2NhbGhvc3Q6NTE3MyJ9","level":"info","message":"Generated Facebook auth URL:","redirectUri":"https://ef73-158-47-252-53.ngrok-free.app/api/instagram/callback","timestamp":"2024-12-12T14:28:33.177Z","userId":"675abcfe801509b27bbe7197"}
{"level":"info","message":"Instagram OAuth callback received","query":{"error_code":"1349048","error_message":"Impossibile caricare l'URL: Il dominio di questo URL non è incluso nei domini dell'app. Per poter caricare questo URL, aggiungi tutti i domini e i sottodomini della tua app al campo Domini app nelle tue impostazioni app."},"timestamp":"2024-12-12T14:36:17.692Z"}
{"level":"info","message":"Instagram OAuth callback received","query":{"error_code":"1349048","error_message":"Impossibile caricare l'URL: Il dominio di questo URL non è incluso nei domini dell'app. Per poter caricare questo URL, aggiungi tutti i domini e i sottodomini della tua app al campo Domini app nelle tue impostazioni app."},"timestamp":"2024-12-12T14:36:37.627Z"}
{"level":"info","message":"Generated Instagram redirect URI:","timestamp":"2024-12-12T14:44:22.531Z"}
{"authUrl":"https://www.facebook.com/v18.0/dialog/oauth?client_id=464149586706265&redirect_uri=https%3A%2F%2Fef73-158-47-252-53.ngrok-free.app%2Fapi%2Finstagram%2Fcallback&scope=instagram_basic,instagram_content_publish,pages_show_list,pages_read_engagement&response_type=code&state=eyJ1c2VySWQiOiI2NzVhYmNmZTgwMTUwOWIyN2JiZTcxOTciLCJyZWRpcmVjdFVybCI6Imh0dHA6Ly9sb2NhbGhvc3Q6NTE3MyJ9","level":"info","message":"Generated Facebook auth URL:","redirectUri":"https://ef73-158-47-252-53.ngrok-free.app/api/instagram/callback","timestamp":"2024-12-12T14:44:22.532Z","userId":"675abcfe801509b27bbe7197"}
{"level":"info","message":"Instagram OAuth callback received","query":{"error_code":"1349048","error_message":"Impossibile caricare l'URL: Il dominio di questo URL non è incluso nei domini dell'app. Per poter caricare questo URL, aggiungi tutti i domini e i sottodomini della tua app al campo Domini app nelle tue impostazioni app."},"timestamp":"2024-12-12T14:44:29.847Z"}
{"level":"info","message":"Instagram OAuth callback received","query":{"code":"AQCFvPXtLZgPiUsf40cdHTT6OdHlyS2tsoc7rHCCjECrMX3_gGY-QOuAXz6rm7eJEKSn2flLTWnJgXz2TJUDEAjtSSUCqmB0bmUE9l7iXseQV7jnUofZeydFW5PWj7fv0pO0iy-13auXuy49x1Ip25beiPyAKrg38k2MiT-hqpLfNGs2Iyv5qgRkuRKyLXNAkAysJEVQNdKtTpLrqxx0L9UGXkLdmGs5t6_nt56eQ7Dsq8lx-gc_7d80p_XUi_Xvrjc28yjx5ZN3uMQZDXkSQetK3GXY39JthvS8XGZuGndgAAGjAyzaeQjN1IbpILIu-KB6A0pVu212Kfd_lgLza3ZPl979MIP6czzqJOnGTjFlGbwGvEuo8nrR5mIQT06yuKQ","state":"eyJ1c2VySWQiOiI2NzVhYmNmZTgwMTUwOWIyN2JiZTcxOTciLCJyZWRpcmVjdFVybCI6Imh0dHA6Ly9sb2NhbGhvc3Q6NTE3MyJ9"},"timestamp":"2024-12-12T14:48:59.799Z"}
{"level":"info","message":"Decoded state:","redirectUrl":"http://localhost:5173","timestamp":"2024-12-12T14:48:59.799Z","userId":"675abcfe801509b27bbe7197"}
{"level":"info","message":"Generated Instagram redirect URI:","timestamp":"2024-12-12T14:48:59.800Z"}
{"level":"info","message":"Exchanging code for token with redirect URI:","timestamp":"2024-12-12T14:48:59.800Z"}
{"level":"info","message":"Successfully exchanged code for long-lived token","timestamp":"2024-12-12T14:49:00.542Z"}
{"level":"error","message":"Callback error: instagramService.getUserProfile is not a function","stack":"TypeError: instagramService.getUserProfile is not a function\n    at exports.handleCallback (C:\\Users\\Deep\\Desktop\\digital-twin\\backend\\src\\controllers\\instagramController.js:37:46)\n    at process.processTicksAndRejections (node:internal/process/task_queues:105:5)","timestamp":"2024-12-12T14:49:00.543Z"}
{"level":"info","message":"Server running in development mode on port 3000","timestamp":"2024-12-12T15:23:17.690Z"}
{"level":"info","message":"MongoDB connected successfully","timestamp":"2024-12-12T15:23:18.674Z"}
{"level":"info","message":"Server running in development mode on port 3000","timestamp":"2024-12-12T15:24:23.451Z"}
{"level":"info","message":"MongoDB connected successfully","timestamp":"2024-12-12T15:24:24.560Z"}
{"level":"info","message":"Generated Instagram redirect URI:","timestamp":"2024-12-12T15:24:45.140Z"}
{"authUrl":"https://www.facebook.com/v18.0/dialog/oauth?client_id=464149586706265&redirect_uri=https%3A%2F%2Fef73-158-47-252-53.ngrok-free.app%2Fapi%2Finstagram%2Fcallback&scope=instagram_basic,instagram_content_publish,pages_show_list,pages_read_engagement&response_type=code&state=eyJ1c2VySWQiOiI2NzVhYmNmZTgwMTUwOWIyN2JiZTcxOTciLCJyZWRpcmVjdFVybCI6Imh0dHA6Ly9sb2NhbGhvc3Q6NTE3MyJ9","level":"info","message":"Generated Facebook auth URL:","redirectUri":"https://ef73-158-47-252-53.ngrok-free.app/api/instagram/callback","timestamp":"2024-12-12T15:24:45.141Z","userId":"675abcfe801509b27bbe7197"}
{"level":"info","message":"Instagram callback received","params":{},"query":{"code":"AQARovLE_QDSDnpKBsJvFk_iEbaf9WQcSiCRUlSk1rsWEpPIUEYMd_LMhKOSoy42n6XJ0iYgrBD35kiQwUGENmSY0KzTZg2vIarNjarwnKSw3aVnioPNsOHZB25-i8pNoCbLLH6mXGU2S5OMph7VFYcclxvWfJ1plC-C6xaEDl9ENn-DacMA677WtSPWQ4Z2jmpdjEUo00R4p5_p-nfpxPFcHi4Q4BIpOwGZRPG-kpKlj8isE5fwDJHR_TXuFD-v71GkOLqQBSa6iEymgptvgFIyL8boTHlymZUzKtE8b5UcBxGpxXv7FUmFAa0ePkRnJO70ot6FxOgzzWd_YGc1xE7Kd9zRBZ2LcpusAK1sgXHQnvVIR7xl9jdDAYx_AQzIgTI","state":"eyJ1c2VySWQiOiI2NzVhYmNmZTgwMTUwOWIyN2JiZTcxOTciLCJyZWRpcmVjdFVybCI6Imh0dHA6Ly9sb2NhbGhvc3Q6NTE3MyJ9"},"timestamp":"2024-12-12T15:24:51.341Z"}
{"level":"info","message":"Decoded state:","redirectUrl":"http://localhost:5173","timestamp":"2024-12-12T15:24:51.342Z","userId":"675abcfe801509b27bbe7197"}
{"level":"info","message":"Generated Instagram redirect URI:","timestamp":"2024-12-12T15:24:51.343Z"}
{"level":"info","message":"Exchanging code for token with redirect URI:","timestamp":"2024-12-12T15:24:51.343Z"}
{"level":"info","message":"Successfully exchanged code for long-lived token","timestamp":"2024-12-12T15:24:51.888Z"}
{"level":"info","message":"Received token data","timestamp":"2024-12-12T15:24:51.891Z"}
{"level":"info","message":"Found connected accounts:","timestamp":"2024-12-12T15:24:52.343Z"}
{"level":"error","message":"No Instagram business accounts found","timestamp":"2024-12-12T15:24:52.344Z"}
{"level":"info","message":"Generated Instagram redirect URI:","timestamp":"2024-12-12T15:28:38.402Z"}
{"authUrl":"https://www.facebook.com/v18.0/dialog/oauth?client_id=464149586706265&redirect_uri=https%3A%2F%2Fef73-158-47-252-53.ngrok-free.app%2Fapi%2Finstagram%2Fcallback&scope=instagram_basic,instagram_content_publish,pages_show_list,pages_read_engagement&response_type=code&state=eyJ1c2VySWQiOiI2NzVhYmNmZTgwMTUwOWIyN2JiZTcxOTciLCJyZWRpcmVjdFVybCI6Imh0dHA6Ly9sb2NhbGhvc3Q6NTE3MyJ9","level":"info","message":"Generated Facebook auth URL:","redirectUri":"https://ef73-158-47-252-53.ngrok-free.app/api/instagram/callback","timestamp":"2024-12-12T15:28:38.403Z","userId":"675abcfe801509b27bbe7197"}
{"level":"info","message":"Instagram callback received","params":{},"query":{"code":"AQBXHZSNDRAvmpfhCRRppQnMIoOQgjxZ1mYZDIJiBa41CACZvCllh2RYA5V-tmhDYvGLSvIXRjNM-zvXUau4AgnrdgkluTZnOlgdMaCZh2WJ_nzCY4Q3OEupKelXTXCYpLOoLBxRlqEIpu25DAc4TdEidJO6hRlxvnSzVs9QaPX9ZIxBEssD_Z04QjBWmRmEdneOu-L1-dc9uJNWu-JYQQ7UySHKbjzVviOCMgkLTQGTTO4L4ahAdF3QUw9-mre419Mg4LddMUbHni_f0OjSBrcOyilDi6FXpuQ-3IGiHGRfsHNYfRvEqw4bKfr-sg6TlF_Mne26tqcM9R2_KlOaM7pC42rszv4UTPxcgJinojcD-80IYWm2PiKLVFo0K928I8A","state":"eyJ1c2VySWQiOiI2NzVhYmNmZTgwMTUwOWIyN2JiZTcxOTciLCJyZWRpcmVjdFVybCI6Imh0dHA6Ly9sb2NhbGhvc3Q6NTE3MyJ9"},"timestamp":"2024-12-12T15:28:43.686Z"}
{"level":"info","message":"Decoded state:","redirectUrl":"http://localhost:5173","timestamp":"2024-12-12T15:28:43.686Z","userId":"675abcfe801509b27bbe7197"}
{"level":"info","message":"Generated Instagram redirect URI:","timestamp":"2024-12-12T15:28:43.687Z"}
{"level":"info","message":"Exchanging code for token with redirect URI:","timestamp":"2024-12-12T15:28:43.687Z"}
{"level":"info","message":"Successfully exchanged code for long-lived token","timestamp":"2024-12-12T15:28:44.324Z"}
{"level":"info","message":"Received token data","timestamp":"2024-12-12T15:28:44.324Z"}
{"level":"info","message":"Found connected accounts:","timestamp":"2024-12-12T15:28:44.508Z"}
{"level":"error","message":"No Instagram business accounts found","timestamp":"2024-12-12T15:28:44.508Z"}
{"level":"error","message":"Authentication error: invalid signature","name":"JsonWebTokenError","stack":"JsonWebTokenError: invalid signature\n    at C:\\Users\\Deep\\Desktop\\digital-twin\\backend\\node_modules\\jsonwebtoken\\verify.js:171:19\n    at getSecret (C:\\Users\\Deep\\Desktop\\digital-twin\\backend\\node_modules\\jsonwebtoken\\verify.js:97:14)\n    at module.exports [as verify] (C:\\Users\\Deep\\Desktop\\digital-twin\\backend\\node_modules\\jsonwebtoken\\verify.js:101:10)\n    at exports.authenticateToken (C:\\Users\\Deep\\Desktop\\digital-twin\\backend\\src\\middleware\\auth.js:16:25)\n    at Layer.handle [as handle_request] (C:\\Users\\Deep\\Desktop\\digital-twin\\backend\\node_modules\\express\\lib\\router\\layer.js:95:5)\n    at trim_prefix (C:\\Users\\Deep\\Desktop\\digital-twin\\backend\\node_modules\\express\\lib\\router\\index.js:328:13)\n    at C:\\Users\\Deep\\Desktop\\digital-twin\\backend\\node_modules\\express\\lib\\router\\index.js:286:9\n    at Function.process_params (C:\\Users\\Deep\\Desktop\\digital-twin\\backend\\node_modules\\express\\lib\\router\\index.js:346:12)\n    at next (C:\\Users\\Deep\\Desktop\\digital-twin\\backend\\node_modules\\express\\lib\\router\\index.js:280:10)\n    at Function.handle (C:\\Users\\Deep\\Desktop\\digital-twin\\backend\\node_modules\\express\\lib\\router\\index.js:175:3)","timestamp":"2024-12-12T20:30:04.471Z"}
{"level":"error","message":"Authentication error: invalid signature","name":"JsonWebTokenError","stack":"JsonWebTokenError: invalid signature\n    at C:\\Users\\Deep\\Desktop\\digital-twin\\backend\\node_modules\\jsonwebtoken\\verify.js:171:19\n    at getSecret (C:\\Users\\Deep\\Desktop\\digital-twin\\backend\\node_modules\\jsonwebtoken\\verify.js:97:14)\n    at module.exports [as verify] (C:\\Users\\Deep\\Desktop\\digital-twin\\backend\\node_modules\\jsonwebtoken\\verify.js:101:10)\n    at exports.authenticateToken (C:\\Users\\Deep\\Desktop\\digital-twin\\backend\\src\\middleware\\auth.js:16:25)\n    at Layer.handle [as handle_request] (C:\\Users\\Deep\\Desktop\\digital-twin\\backend\\node_modules\\express\\lib\\router\\layer.js:95:5)\n    at trim_prefix (C:\\Users\\Deep\\Desktop\\digital-twin\\backend\\node_modules\\express\\lib\\router\\index.js:328:13)\n    at C:\\Users\\Deep\\Desktop\\digital-twin\\backend\\node_modules\\express\\lib\\router\\index.js:286:9\n    at Function.process_params (C:\\Users\\Deep\\Desktop\\digital-twin\\backend\\node_modules\\express\\lib\\router\\index.js:346:12)\n    at next (C:\\Users\\Deep\\Desktop\\digital-twin\\backend\\node_modules\\express\\lib\\router\\index.js:280:10)\n    at Function.handle (C:\\Users\\Deep\\Desktop\\digital-twin\\backend\\node_modules\\express\\lib\\router\\index.js:175:3)","timestamp":"2024-12-12T20:30:37.376Z"}
{"level":"error","message":"Authentication error: invalid signature","name":"JsonWebTokenError","stack":"JsonWebTokenError: invalid signature\n    at C:\\Users\\Deep\\Desktop\\digital-twin\\backend\\node_modules\\jsonwebtoken\\verify.js:171:19\n    at getSecret (C:\\Users\\Deep\\Desktop\\digital-twin\\backend\\node_modules\\jsonwebtoken\\verify.js:97:14)\n    at module.exports [as verify] (C:\\Users\\Deep\\Desktop\\digital-twin\\backend\\node_modules\\jsonwebtoken\\verify.js:101:10)\n    at exports.authenticateToken (C:\\Users\\Deep\\Desktop\\digital-twin\\backend\\src\\middleware\\auth.js:16:25)\n    at Layer.handle [as handle_request] (C:\\Users\\Deep\\Desktop\\digital-twin\\backend\\node_modules\\express\\lib\\router\\layer.js:95:5)\n    at trim_prefix (C:\\Users\\Deep\\Desktop\\digital-twin\\backend\\node_modules\\express\\lib\\router\\index.js:328:13)\n    at C:\\Users\\Deep\\Desktop\\digital-twin\\backend\\node_modules\\express\\lib\\router\\index.js:286:9\n    at Function.process_params (C:\\Users\\Deep\\Desktop\\digital-twin\\backend\\node_modules\\express\\lib\\router\\index.js:346:12)\n    at next (C:\\Users\\Deep\\Desktop\\digital-twin\\backend\\node_modules\\express\\lib\\router\\index.js:280:10)\n    at Function.handle (C:\\Users\\Deep\\Desktop\\digital-twin\\backend\\node_modules\\express\\lib\\router\\index.js:175:3)","timestamp":"2024-12-12T20:30:54.939Z"}
{"level":"error","message":"Authentication error: invalid signature","name":"JsonWebTokenError","stack":"JsonWebTokenError: invalid signature\n    at C:\\Users\\Deep\\Desktop\\digital-twin\\backend\\node_modules\\jsonwebtoken\\verify.js:171:19\n    at getSecret (C:\\Users\\Deep\\Desktop\\digital-twin\\backend\\node_modules\\jsonwebtoken\\verify.js:97:14)\n    at module.exports [as verify] (C:\\Users\\Deep\\Desktop\\digital-twin\\backend\\node_modules\\jsonwebtoken\\verify.js:101:10)\n    at exports.authenticateToken (C:\\Users\\Deep\\Desktop\\digital-twin\\backend\\src\\middleware\\auth.js:16:25)\n    at Layer.handle [as handle_request] (C:\\Users\\Deep\\Desktop\\digital-twin\\backend\\node_modules\\express\\lib\\router\\layer.js:95:5)\n    at trim_prefix (C:\\Users\\Deep\\Desktop\\digital-twin\\backend\\node_modules\\express\\lib\\router\\index.js:328:13)\n    at C:\\Users\\Deep\\Desktop\\digital-twin\\backend\\node_modules\\express\\lib\\router\\index.js:286:9\n    at Function.process_params (C:\\Users\\Deep\\Desktop\\digital-twin\\backend\\node_modules\\express\\lib\\router\\index.js:346:12)\n    at next (C:\\Users\\Deep\\Desktop\\digital-twin\\backend\\node_modules\\express\\lib\\router\\index.js:280:10)\n    at Function.handle (C:\\Users\\Deep\\Desktop\\digital-twin\\backend\\node_modules\\express\\lib\\router\\index.js:175:3)","timestamp":"2024-12-12T20:30:55.334Z"}
{"level":"error","message":"Authentication error: invalid signature","name":"JsonWebTokenError","stack":"JsonWebTokenError: invalid signature\n    at C:\\Users\\Deep\\Desktop\\digital-twin\\backend\\node_modules\\jsonwebtoken\\verify.js:171:19\n    at getSecret (C:\\Users\\Deep\\Desktop\\digital-twin\\backend\\node_modules\\jsonwebtoken\\verify.js:97:14)\n    at module.exports [as verify] (C:\\Users\\Deep\\Desktop\\digital-twin\\backend\\node_modules\\jsonwebtoken\\verify.js:101:10)\n    at exports.authenticateToken (C:\\Users\\Deep\\Desktop\\digital-twin\\backend\\src\\middleware\\auth.js:16:25)\n    at Layer.handle [as handle_request] (C:\\Users\\Deep\\Desktop\\digital-twin\\backend\\node_modules\\express\\lib\\router\\layer.js:95:5)\n    at trim_prefix (C:\\Users\\Deep\\Desktop\\digital-twin\\backend\\node_modules\\express\\lib\\router\\index.js:328:13)\n    at C:\\Users\\Deep\\Desktop\\digital-twin\\backend\\node_modules\\express\\lib\\router\\index.js:286:9\n    at Function.process_params (C:\\Users\\Deep\\Desktop\\digital-twin\\backend\\node_modules\\express\\lib\\router\\index.js:346:12)\n    at next (C:\\Users\\Deep\\Desktop\\digital-twin\\backend\\node_modules\\express\\lib\\router\\index.js:280:10)\n    at Function.handle (C:\\Users\\Deep\\Desktop\\digital-twin\\backend\\node_modules\\express\\lib\\router\\index.js:175:3)","timestamp":"2024-12-12T20:30:59.893Z"}
{"level":"error","message":"Authentication error: invalid signature","name":"JsonWebTokenError","stack":"JsonWebTokenError: invalid signature\n    at C:\\Users\\Deep\\Desktop\\digital-twin\\backend\\node_modules\\jsonwebtoken\\verify.js:171:19\n    at getSecret (C:\\Users\\Deep\\Desktop\\digital-twin\\backend\\node_modules\\jsonwebtoken\\verify.js:97:14)\n    at module.exports [as verify] (C:\\Users\\Deep\\Desktop\\digital-twin\\backend\\node_modules\\jsonwebtoken\\verify.js:101:10)\n    at exports.authenticateToken (C:\\Users\\Deep\\Desktop\\digital-twin\\backend\\src\\middleware\\auth.js:16:25)\n    at Layer.handle [as handle_request] (C:\\Users\\Deep\\Desktop\\digital-twin\\backend\\node_modules\\express\\lib\\router\\layer.js:95:5)\n    at trim_prefix (C:\\Users\\Deep\\Desktop\\digital-twin\\backend\\node_modules\\express\\lib\\router\\index.js:328:13)\n    at C:\\Users\\Deep\\Desktop\\digital-twin\\backend\\node_modules\\express\\lib\\router\\index.js:286:9\n    at Function.process_params (C:\\Users\\Deep\\Desktop\\digital-twin\\backend\\node_modules\\express\\lib\\router\\index.js:346:12)\n    at next (C:\\Users\\Deep\\Desktop\\digital-twin\\backend\\node_modules\\express\\lib\\router\\index.js:280:10)\n    at Function.handle (C:\\Users\\Deep\\Desktop\\digital-twin\\backend\\node_modules\\express\\lib\\router\\index.js:175:3)","timestamp":"2024-12-12T20:31:00.545Z"}
{"level":"error","message":"Authentication error: invalid signature","name":"JsonWebTokenError","stack":"JsonWebTokenError: invalid signature\n    at C:\\Users\\Deep\\Desktop\\digital-twin\\backend\\node_modules\\jsonwebtoken\\verify.js:171:19\n    at getSecret (C:\\Users\\Deep\\Desktop\\digital-twin\\backend\\node_modules\\jsonwebtoken\\verify.js:97:14)\n    at module.exports [as verify] (C:\\Users\\Deep\\Desktop\\digital-twin\\backend\\node_modules\\jsonwebtoken\\verify.js:101:10)\n    at exports.authenticateToken (C:\\Users\\Deep\\Desktop\\digital-twin\\backend\\src\\middleware\\auth.js:16:25)\n    at Layer.handle [as handle_request] (C:\\Users\\Deep\\Desktop\\digital-twin\\backend\\node_modules\\express\\lib\\router\\layer.js:95:5)\n    at trim_prefix (C:\\Users\\Deep\\Desktop\\digital-twin\\backend\\node_modules\\express\\lib\\router\\index.js:328:13)\n    at C:\\Users\\Deep\\Desktop\\digital-twin\\backend\\node_modules\\express\\lib\\router\\index.js:286:9\n    at Function.process_params (C:\\Users\\Deep\\Desktop\\digital-twin\\backend\\node_modules\\express\\lib\\router\\index.js:346:12)\n    at next (C:\\Users\\Deep\\Desktop\\digital-twin\\backend\\node_modules\\express\\lib\\router\\index.js:280:10)\n    at Function.handle (C:\\Users\\Deep\\Desktop\\digital-twin\\backend\\node_modules\\express\\lib\\router\\index.js:175:3)","timestamp":"2024-12-12T20:31:46.382Z"}
{"level":"error","message":"Authentication error: invalid signature","name":"JsonWebTokenError","stack":"JsonWebTokenError: invalid signature\n    at C:\\Users\\Deep\\Desktop\\digital-twin\\backend\\node_modules\\jsonwebtoken\\verify.js:171:19\n    at getSecret (C:\\Users\\Deep\\Desktop\\digital-twin\\backend\\node_modules\\jsonwebtoken\\verify.js:97:14)\n    at module.exports [as verify] (C:\\Users\\Deep\\Desktop\\digital-twin\\backend\\node_modules\\jsonwebtoken\\verify.js:101:10)\n    at exports.authenticateToken (C:\\Users\\Deep\\Desktop\\digital-twin\\backend\\src\\middleware\\auth.js:16:25)\n    at Layer.handle [as handle_request] (C:\\Users\\Deep\\Desktop\\digital-twin\\backend\\node_modules\\express\\lib\\router\\layer.js:95:5)\n    at trim_prefix (C:\\Users\\Deep\\Desktop\\digital-twin\\backend\\node_modules\\express\\lib\\router\\index.js:328:13)\n    at C:\\Users\\Deep\\Desktop\\digital-twin\\backend\\node_modules\\express\\lib\\router\\index.js:286:9\n    at Function.process_params (C:\\Users\\Deep\\Desktop\\digital-twin\\backend\\node_modules\\express\\lib\\router\\index.js:346:12)\n    at next (C:\\Users\\Deep\\Desktop\\digital-twin\\backend\\node_modules\\express\\lib\\router\\index.js:280:10)\n    at Function.handle (C:\\Users\\Deep\\Desktop\\digital-twin\\backend\\node_modules\\express\\lib\\router\\index.js:175:3)","timestamp":"2024-12-12T20:31:55.722Z"}
{"level":"error","message":"Authentication error: invalid signature","name":"JsonWebTokenError","stack":"JsonWebTokenError: invalid signature\n    at C:\\Users\\Deep\\Desktop\\digital-twin\\backend\\node_modules\\jsonwebtoken\\verify.js:171:19\n    at getSecret (C:\\Users\\Deep\\Desktop\\digital-twin\\backend\\node_modules\\jsonwebtoken\\verify.js:97:14)\n    at module.exports [as verify] (C:\\Users\\Deep\\Desktop\\digital-twin\\backend\\node_modules\\jsonwebtoken\\verify.js:101:10)\n    at exports.authenticateToken (C:\\Users\\Deep\\Desktop\\digital-twin\\backend\\src\\middleware\\auth.js:16:25)\n    at Layer.handle [as handle_request] (C:\\Users\\Deep\\Desktop\\digital-twin\\backend\\node_modules\\express\\lib\\router\\layer.js:95:5)\n    at trim_prefix (C:\\Users\\Deep\\Desktop\\digital-twin\\backend\\node_modules\\express\\lib\\router\\index.js:328:13)\n    at C:\\Users\\Deep\\Desktop\\digital-twin\\backend\\node_modules\\express\\lib\\router\\index.js:286:9\n    at Function.process_params (C:\\Users\\Deep\\Desktop\\digital-twin\\backend\\node_modules\\express\\lib\\router\\index.js:346:12)\n    at next (C:\\Users\\Deep\\Desktop\\digital-twin\\backend\\node_modules\\express\\lib\\router\\index.js:280:10)\n    at Function.handle (C:\\Users\\Deep\\Desktop\\digital-twin\\backend\\node_modules\\express\\lib\\router\\index.js:175:3)","timestamp":"2024-12-12T20:31:56.437Z"}
{"level":"info","message":"Server running in development mode on port 3000","timestamp":"2024-12-13T08:18:24.841Z"}
{"level":"info","message":"Server running in development mode on port 3000","timestamp":"2024-12-13T08:18:26.119Z"}
{"level":"info","message":"MongoDB connected successfully","timestamp":"2024-12-13T08:18:27.361Z"}
{"level":"info","message":"Server running in development mode on port 3000","timestamp":"2024-12-13T08:18:35.895Z"}
{"level":"info","message":"MongoDB connected successfully","timestamp":"2024-12-13T08:18:36.446Z"}
{"challenge":"909435998","expectedToken":"123455645342342354534534","level":"info","message":"Webhook verification request received:","mode":"subscribe","timestamp":"2024-12-13T08:20:30.769Z","token":"IGQWRNdlN0Tjk4blNlTU0yN0hiaHRpLWRfVzd1SlQyYXNTMW9ZAVjZA2SHJHQkdzbDlyMlN2NkRKNHVmb3hXSXpEZAVF6ekNsMVJ5eGlKdUVLUDhVT1hoXzJTOXZAqcG9ZAdjQ3LTg0R294T0lFbEJWenJWRk1mNUZAZAdm8ZD"}
{"expectedToken":"123455645342342354534534","level":"error","message":"Webhook verification failed - token mismatch","receivedToken":"IGQWRNdlN0Tjk4blNlTU0yN0hiaHRpLWRfVzd1SlQyYXNTMW9ZAVjZA2SHJHQkdzbDlyMlN2NkRKNHVmb3hXSXpEZAVF6ekNsMVJ5eGlKdUVLUDhVT1hoXzJTOXZAqcG9ZAdjQ3LTg0R294T0lFbEJWenJWRk1mNUZAZAdm8ZD","timestamp":"2024-12-13T08:20:30.770Z"}
{"level":"error","message":"Webhook verification failed - invalid mode or missing token","timestamp":"2024-12-13T08:20:30.771Z"}
{"challenge":"1076929384","expectedToken":"123455645342342354534534","level":"info","message":"Webhook verification request received:","mode":"subscribe","timestamp":"2024-12-13T08:21:05.227Z","token":"IGQWRNdlN0Tjk4blNlTU0yN0hiaHRpLWRfVzd1SlQyYXNTMW9ZAVjZA2SHJHQkdzbDlyMlN2NkRKNHVmb3hXSXpEZAVF6ekNsMVJ5eGlKdUVLUDhVT1hoXzJTOXZAqcG9ZAdjQ3LTg0R294T0lFbEJWenJWRk1mNUZAZAdm8ZD"}
{"expectedToken":"123455645342342354534534","level":"error","message":"Webhook verification failed - token mismatch","receivedToken":"IGQWRNdlN0Tjk4blNlTU0yN0hiaHRpLWRfVzd1SlQyYXNTMW9ZAVjZA2SHJHQkdzbDlyMlN2NkRKNHVmb3hXSXpEZAVF6ekNsMVJ5eGlKdUVLUDhVT1hoXzJTOXZAqcG9ZAdjQ3LTg0R294T0lFbEJWenJWRk1mNUZAZAdm8ZD","timestamp":"2024-12-13T08:21:05.228Z"}
{"level":"error","message":"Webhook verification failed - invalid mode or missing token","timestamp":"2024-12-13T08:21:05.229Z"}
{"challenge":"1869661814","expectedToken":"123455645342342354534534","level":"info","message":"Webhook verification request received:","mode":"subscribe","timestamp":"2024-12-13T08:21:40.139Z","token":"IGQWRNdlN0Tjk4blNlTU0yN0hiaHRpLWRfVzd1SlQyYXNTMW9ZAVjZA2SHJHQkdzbDlyMlN2NkRKNHVmb3hXSXpEZAVF6ekNsMVJ5eGlKdUVLUDhVT1hoXzJTOXZAqcG9ZAdjQ3LTg0R294T0lFbEJWenJWRk1mNUZAZAdm8ZD"}
{"expectedToken":"123455645342342354534534","level":"error","message":"Webhook verification failed - token mismatch","receivedToken":"IGQWRNdlN0Tjk4blNlTU0yN0hiaHRpLWRfVzd1SlQyYXNTMW9ZAVjZA2SHJHQkdzbDlyMlN2NkRKNHVmb3hXSXpEZAVF6ekNsMVJ5eGlKdUVLUDhVT1hoXzJTOXZAqcG9ZAdjQ3LTg0R294T0lFbEJWenJWRk1mNUZAZAdm8ZD","timestamp":"2024-12-13T08:21:40.140Z"}
{"level":"error","message":"Webhook verification failed - invalid mode or missing token","timestamp":"2024-12-13T08:21:40.141Z"}
{"challenge":"1297030051","expectedToken":"123455645342342354534534","level":"info","message":"Webhook verification request received:","mode":"subscribe","timestamp":"2024-12-13T08:24:18.915Z","token":"IGQWRNdlN0Tjk4blNlTU0yN0hiaHRpLWRfVzd1SlQyYXNTMW9ZAVjZA2SHJHQkdzbDlyMlN2NkRKNHVmb3hXSXpEZAVF6ekNsMVJ5eGlKdUVLUDhVT1hoXzJTOXZAqcG9ZAdjQ3LTg0R294T0lFbEJWenJWRk1mNUZAZAdm8ZD"}
{"expectedToken":"123455645342342354534534","level":"error","message":"Webhook verification failed - token mismatch","receivedToken":"IGQWRNdlN0Tjk4blNlTU0yN0hiaHRpLWRfVzd1SlQyYXNTMW9ZAVjZA2SHJHQkdzbDlyMlN2NkRKNHVmb3hXSXpEZAVF6ekNsMVJ5eGlKdUVLUDhVT1hoXzJTOXZAqcG9ZAdjQ3LTg0R294T0lFbEJWenJWRk1mNUZAZAdm8ZD","timestamp":"2024-12-13T08:24:18.916Z"}
{"level":"error","message":"Webhook verification failed - invalid mode or missing token","timestamp":"2024-12-13T08:24:18.917Z"}
{"level":"info","message":"Server running in development mode on port 3000","timestamp":"2024-12-13T08:24:39.429Z"}
{"level":"info","message":"MongoDB connected successfully","timestamp":"2024-12-13T08:24:40.303Z"}
{"level":"info","message":"Server running in development mode on port 3000","timestamp":"2024-12-13T08:24:47.001Z"}
{"level":"info","message":"MongoDB connected successfully","timestamp":"2024-12-13T08:24:47.988Z"}
{"level":"info","message":"Server running in development mode on port 3000","timestamp":"2024-12-13T08:25:21.766Z"}
{"level":"info","message":"MongoDB connected successfully","timestamp":"2024-12-13T08:25:22.690Z"}
{"challenge":"2108289114","level":"info","message":"Instagram Webhook verification request received:","mode":"subscribe","timestamp":"2024-12-13T08:25:59.474Z","token":"IGQWRNdlN0Tjk4blNlTU0yN0hiaHRpLWRfVzd1SlQyYXNTMW9ZAVjZA2SHJHQkdzbDlyMlN2NkRKNHVmb3hXSXpEZAVF6ekNsMVJ5eGlKdUVLUDhVT1hoXzJTOXZAqcG9ZAdjQ3LTg0R294T0lFbEJWenJWRk1mNUZAZAdm8ZD"}
{"level":"info","message":"Webhook verified successfully","timestamp":"2024-12-13T08:25:59.474Z"}
{"level":"info","message":"Server running in development mode on port 3000","timestamp":"2024-12-13T08:38:07.825Z"}
{"level":"info","message":"MongoDB connected successfully","timestamp":"2024-12-13T08:38:11.007Z"}
{"level":"info","message":"Server running in development mode on port 3000","timestamp":"2024-12-13T08:55:50.878Z"}
{"level":"info","message":"MongoDB connected successfully","timestamp":"2024-12-13T08:55:51.765Z"}
{"level":"info","message":"Server running in development mode on port 3000","timestamp":"2024-12-13T09:02:36.470Z"}
{"level":"info","message":"MongoDB connected successfully","timestamp":"2024-12-13T09:02:37.360Z"}
{"level":"info","message":"Server running in development mode on port 3000","timestamp":"2024-12-13T14:59:48.706Z"}
{"level":"info","message":"MongoDB connected successfully","timestamp":"2024-12-13T14:59:49.552Z"}
